<?xml version="1.0" encoding="UTF-8"?>
<!-- Generated by org.testng.reporters.JUnitReportReporter -->
<testsuite hostname="DESKTOP-POM6257" failures="0" tests="3" name="LoginPageTest" time="42.484" errors="0" timestamp="2024-07-14T17:34:56 IST" skipped="0">
  <testcase classname="LoginPageTest" name="loginWithValidCredentials" time="13.335"/>
  <testcase classname="LoginPageTest" name="loginWithValidCredentials" time="13.107"/>
  <testcase classname="LoginPageTest" name="loginWithInvalidCredentials" time="16.042"/>
</testsuite> <!-- LoginPageTest -->
