<?xml version="1.0" encoding="UTF-8"?>
<!-- Generated by org.testng.reporters.JUnitReportReporter -->
<testsuite hostname="DESKTOP-POM6257" failures="0" tests="2" name="HomePageTest" time="29.543" errors="0" timestamp="2024-07-14T17:34:56 IST" skipped="0">
  <testcase classname="HomePageTest" name="CheckHeadingElement" time="13.276"/>
  <testcase classname="HomePageTest" name="ClickOnShopNowButton" time="16.267"/>
</testsuite> <!-- HomePageTest -->
